2023-03-31T04:34:27+00:00 DEBUG tt4b_product_sync: missing access token for tt4b_product_sync
2023-03-31T04:34:27+00:00 DEBUG tt4b_product_delete: missing access token for tt4b_product_sync
2023-03-31T04:34:27+00:00 DEBUG tt4b_product_sync: missing access token for tt4b_product_sync
2023-03-31T04:34:27+00:00 DEBUG tt4b_product_delete: missing access token for tt4b_product_sync
2023-03-31T04:34:27+00:00 DEBUG tt4b_product_sync: missing access token for tt4b_product_sync
2023-03-31T04:34:27+00:00 DEBUG tt4b_product_delete: missing access token for tt4b_product_sync
2023-03-31T04:34:27+00:00 DEBUG tt4b_product_sync: missing access token for tt4b_product_sync
2023-03-31T04:34:27+00:00 DEBUG tt4b_product_delete: missing access token for tt4b_product_sync
2023-03-31T04:34:28+00:00 DEBUG tt4b_product_sync: missing access token for tt4b_product_sync
2023-03-31T04:34:28+00:00 DEBUG tt4b_product_delete: missing access token for tt4b_product_sync
2023-03-31T04:34:28+00:00 DEBUG tt4b_product_sync: missing access token for tt4b_product_sync
2023-03-31T04:34:28+00:00 DEBUG tt4b_product_delete: missing access token for tt4b_product_sync
2023-03-31T04:34:28+00:00 DEBUG tt4b_product_sync: missing access token for tt4b_product_sync
2023-03-31T04:34:28+00:00 DEBUG tt4b_product_delete: missing access token for tt4b_product_sync
2023-03-31T04:34:28+00:00 DEBUG tt4b_product_sync: missing access token for tt4b_product_sync
2023-03-31T04:34:28+00:00 DEBUG tt4b_product_delete: missing access token for tt4b_product_sync
2023-03-31T04:34:28+00:00 DEBUG tt4b_product_sync: missing access token for tt4b_product_sync
2023-03-31T04:34:28+00:00 DEBUG tt4b_product_delete: missing access token for tt4b_product_sync
2023-03-31T04:34:28+00:00 DEBUG tt4b_product_sync: missing access token for tt4b_product_sync
2023-03-31T04:34:28+00:00 DEBUG tt4b_product_delete: missing access token for tt4b_product_sync
2023-03-31T04:34:28+00:00 DEBUG tt4b_product_sync: missing access token for tt4b_product_sync
2023-03-31T04:34:28+00:00 DEBUG tt4b_product_delete: missing access token for tt4b_product_sync
2023-03-31T04:34:46+00:00 DEBUG tt4b_product_delete: missing access token for tt4b_product_sync
2023-03-31T04:34:46+00:00 DEBUG tt4b_product_delete: missing access token for tt4b_product_sync
2023-03-31T04:34:46+00:00 DEBUG tt4b_product_delete: missing access token for tt4b_product_sync
2023-03-31T04:34:46+00:00 DEBUG tt4b_product_delete: missing access token for tt4b_product_sync
2023-03-31T04:34:46+00:00 DEBUG tt4b_product_delete: missing access token for tt4b_product_sync
2023-03-31T04:34:47+00:00 DEBUG tt4b_product_delete: missing access token for tt4b_product_sync
2023-03-31T04:34:47+00:00 DEBUG tt4b_product_delete: missing access token for tt4b_product_sync
2023-03-31T04:34:47+00:00 DEBUG tt4b_product_delete: missing access token for tt4b_product_sync
2023-03-31T04:34:47+00:00 DEBUG tt4b_product_delete: missing access token for tt4b_product_sync
2023-03-31T04:34:47+00:00 DEBUG tt4b_product_delete: missing access token for tt4b_product_sync
2023-03-31T04:34:47+00:00 DEBUG tt4b_product_delete: missing access token for tt4b_product_sync
2023-03-31T04:35:07+00:00 DEBUG tt4b_product_sync: missing access token for tt4b_product_sync
2023-03-31T04:35:07+00:00 DEBUG tt4b_product_delete: missing access token for tt4b_product_sync
2023-03-31T04:35:08+00:00 DEBUG tt4b_product_sync: missing access token for tt4b_product_sync
2023-03-31T04:35:08+00:00 DEBUG tt4b_product_delete: missing access token for tt4b_product_sync
2023-03-31T04:35:08+00:00 DEBUG tt4b_product_sync: missing access token for tt4b_product_sync
2023-03-31T04:35:08+00:00 DEBUG tt4b_product_delete: missing access token for tt4b_product_sync
2023-03-31T04:35:08+00:00 DEBUG tt4b_product_sync: missing access token for tt4b_product_sync
2023-03-31T04:35:08+00:00 DEBUG tt4b_product_delete: missing access token for tt4b_product_sync
2023-03-31T04:35:08+00:00 DEBUG tt4b_product_sync: missing access token for tt4b_product_sync
2023-03-31T04:35:08+00:00 DEBUG tt4b_product_delete: missing access token for tt4b_product_sync
2023-03-31T04:35:30+00:00 DEBUG tt4b_product_delete: missing access token for tt4b_product_sync
2023-03-31T04:35:30+00:00 DEBUG tt4b_product_delete: missing access token for tt4b_product_sync
2023-03-31T04:35:30+00:00 DEBUG tt4b_product_delete: missing access token for tt4b_product_sync
2023-03-31T04:35:31+00:00 DEBUG tt4b_product_delete: missing access token for tt4b_product_sync
2023-03-31T04:35:31+00:00 DEBUG tt4b_product_delete: missing access token for tt4b_product_sync
2023-03-31T06:53:36+00:00 DEBUG tt4b_product_sync: missing access token for tt4b_product_sync
2023-03-31T06:54:21+00:00 DEBUG Tt4b_Pixel_Class::inject_view_content_event: hit injectViewContentEvent
2023-03-31T06:54:21+00:00 DEBUG Tt4b_Pixel_Class::inject_view_content_event: Missing option "access_token"
2023-03-31T07:00:13+00:00 DEBUG tt4b_product_sync: missing access token for tt4b_product_sync
2023-03-31T07:01:18+00:00 DEBUG tt4b_product_sync: missing access token for tt4b_product_sync
2023-03-31T07:05:42+00:00 DEBUG tt4b_product_sync: missing access token for tt4b_product_sync
2023-03-31T07:07:13+00:00 DEBUG tt4b_product_sync: missing access token for tt4b_product_sync
2023-03-31T07:07:46+00:00 DEBUG tt4b_product_sync: missing access token for tt4b_product_sync
2023-03-31T07:12:41+00:00 DEBUG tt4b_product_sync: missing access token for tt4b_product_sync
2023-03-31T07:15:22+00:00 DEBUG tt4b_product_sync: missing access token for tt4b_product_sync
2023-03-31T07:15:42+00:00 DEBUG tt4b_product_sync: missing access token for tt4b_product_sync
2023-03-31T07:16:17+00:00 DEBUG Tt4b_Pixel_Class::inject_view_content_event: hit injectViewContentEvent
2023-03-31T07:16:17+00:00 DEBUG Tt4b_Pixel_Class::inject_view_content_event: Missing option "access_token"
2023-03-31T07:17:18+00:00 DEBUG tt4b_product_sync: missing access token for tt4b_product_sync
2023-03-31T07:18:43+00:00 DEBUG tt4b_product_sync: missing access token for tt4b_product_sync
2023-03-31T07:19:50+00:00 DEBUG tt4b_product_sync: missing access token for tt4b_product_sync
2023-03-31T07:20:42+00:00 DEBUG tt4b_product_sync: missing access token for tt4b_product_sync
2023-03-31T07:21:16+00:00 DEBUG tt4b_product_sync: missing access token for tt4b_product_sync
2023-03-31T07:25:04+00:00 DEBUG tt4b_product_sync: missing access token for tt4b_product_sync
2023-03-31T07:26:45+00:00 DEBUG tt4b_product_sync: missing access token for tt4b_product_sync
2023-03-31T07:29:44+00:00 DEBUG tt4b_product_sync: missing access token for tt4b_product_sync
2023-03-31T07:32:00+00:00 DEBUG tt4b_product_sync: missing access token for tt4b_product_sync
2023-03-31T07:35:57+00:00 DEBUG tt4b_product_sync: missing access token for tt4b_product_sync
2023-03-31T07:43:22+00:00 DEBUG tt4b_product_sync: missing access token for tt4b_product_sync
2023-03-31T07:43:48+00:00 DEBUG tt4b_product_sync: missing access token for tt4b_product_sync
2023-03-31T07:49:24+00:00 DEBUG Tt4b_Pixel_Class::inject_start_checkout: hit injectStartCheckout
2023-03-31T07:49:24+00:00 DEBUG Tt4b_Pixel_Class::inject_start_checkout: Missing option "access_token"
2023-03-31T07:59:06+00:00 DEBUG Tt4b_Pixel_Class::inject_view_content_event: hit injectViewContentEvent
2023-03-31T07:59:06+00:00 DEBUG Tt4b_Pixel_Class::inject_view_content_event: Missing option "access_token"
2023-03-31T08:00:24+00:00 DEBUG Tt4b_Pixel_Class::inject_view_content_event: hit injectViewContentEvent
2023-03-31T08:00:24+00:00 DEBUG Tt4b_Pixel_Class::inject_view_content_event: Missing option "access_token"
2023-03-31T08:00:37+00:00 DEBUG Tt4b_Pixel_Class::inject_view_content_event: hit injectViewContentEvent
2023-03-31T08:00:37+00:00 DEBUG Tt4b_Pixel_Class::inject_view_content_event: Missing option "access_token"
2023-03-31T08:02:53+00:00 DEBUG Tt4b_Pixel_Class::inject_view_content_event: hit injectViewContentEvent
2023-03-31T08:02:53+00:00 DEBUG Tt4b_Pixel_Class::inject_view_content_event: Missing option "access_token"
2023-03-31T08:02:57+00:00 DEBUG Tt4b_Pixel_Class::inject_add_to_cart_event: hit injectAddToCartEvent
2023-03-31T08:02:57+00:00 DEBUG Tt4b_Pixel_Class::inject_add_to_cart_event: Missing option "access_token"
2023-03-31T08:02:57+00:00 DEBUG Tt4b_Pixel_Class::inject_view_content_event: hit injectViewContentEvent
2023-03-31T08:02:57+00:00 DEBUG Tt4b_Pixel_Class::inject_view_content_event: Missing option "access_token"
2023-03-31T08:04:25+00:00 DEBUG Tt4b_Pixel_Class::inject_start_checkout: hit injectStartCheckout
2023-03-31T08:04:25+00:00 DEBUG Tt4b_Pixel_Class::inject_start_checkout: Missing option "access_token"
2023-03-31T08:04:50+00:00 DEBUG Tt4b_Pixel_Class::inject_start_checkout: hit injectStartCheckout
2023-03-31T08:04:50+00:00 DEBUG Tt4b_Pixel_Class::inject_start_checkout: Missing option "access_token"
2023-03-31T23:58:55+00:00 DEBUG Tt4b_Pixel_Class::inject_add_to_cart_event: hit injectAddToCartEvent
2023-03-31T23:58:55+00:00 DEBUG Tt4b_Pixel_Class::inject_add_to_cart_event: Missing option "access_token"
2023-03-31T23:59:58+00:00 DEBUG Tt4b_Pixel_Class::inject_view_content_event: hit injectViewContentEvent
2023-03-31T23:59:58+00:00 DEBUG Tt4b_Pixel_Class::inject_view_content_event: Missing option "access_token"
